{"logTime": "0326/070253", "correlationVector":"kN4/FwWZUuUhmoQmqkF0JX.1","action":"SyncServerConnectionManagerRequest", "result":"SYNC_SERVER_OK", "context":{"environment":"Prod_southindia_prod-s01-004-apac-southindia", "migrationStage":"NotStarted", "server":"akswtt10300000c"}}
{"logTime": "0326/070253", "correlationVector":"kN4/FwWZUuUhmoQmqkF0JX.2","action":"ProcessGetUpdates", "result":"Done", "context":{"dataType":"Encryption Keys", "deleted":"0", "process_failed_to_decrypt":"0", "process_pending_decryption":"0", "process_success":"1", "total":"1"}}
{"logTime": "0326/070253", "correlationVector":"AKd83jmj1u/R3Wj/Yu6xcC","action":"SyncServerConnectionManagerRequest", "result":"SYNC_SERVER_OK", "context":{"environment":"", "migrationStage":"", "server":""}}
{"logTime": "0326/070253", "correlationVector":"AKd83jmj1u/R3Wj/Yu6xcC.0","action":"EncryptionKeysFetcher.DownloadKeys:", "result":"Success", "context":Key count: 1, Last key timestamp: 2026-01-03T10:14:39Z}
{"logTime": "0326/070253", "correlationVector":"AKd83jmj1u/R3Wj/Yu6xcC.1","action":"EncryptionKeysManager::SetEncryptionKeys:", "result":"Success", "context":Key names[1]:[yMQvkYcGlLIoP54ifC1B6jWjAdrS1ijo4j3BzrGzVeLoHC5Egbj6nwNYAhTGYJVgiaylZfFCelZ+ig1qh55ZaQ==]}
{"logTime": "0326/070253", "correlationVector":"AKd83jmj1u/R3Wj/Yu6xcC.2","action":"EncryptionKeysManager::SetEncryptionKeysWithTimestamps:", "result":"Success", "context":Key timestamps[1]:[2026-01-03T10:14:39Z]}
{"logTime": "0326/070253", "correlationVector":"kN4/FwWZUuUhmoQmqkF0JX","action":"Initial GetUpdates", "result":"", "context":Reason: NEW_CLIENT. cV=kN4/FwWZUuUhmoQmqkF0JX}
{"logTime": "0326/070253", "correlationVector":"kN4/FwWZUuUhmoQmqkF0JX.3","action":"GetUpdates Response", "result":"Success", "context":Received 1 update(s). cV=kN4/FwWZUuUhmoQmqkF0JX.0;server=akswtt10300000c;cloudType=Consumer;environment=Prod_southindia_prod-s01-004-apac-southindia;migrationStage=NotStarted}
{"logTime": "0326/070253", "correlationVector":"TrkGsOTP67Rb90ZJeXUfXx","action":"Initial GetUpdates", "result":"", "context":Reason: NEWLY_SUPPORTED_DATATYPE. cV=TrkGsOTP67Rb90ZJeXUfXx}
{"logTime": "0326/070255", "correlationVector":"TrkGsOTP67Rb90ZJeXUfXx.1","action":"SyncServerConnectionManagerRequest", "result":"SYNC_SERVER_OK", "context":{"environment":"Prod_southindia_prod-s01-004-apac-southindia", "migrationStage":"NotStarted", "server":"akswtt103000008"}}
{"logTime": "0326/070255", "correlationVector":"TrkGsOTP67Rb90ZJeXUfXx.2","action":"ProcessGetUpdates", "result":"Done", "context":{"dataType":"Preferences", "deleted":"0", "process_failed_to_decrypt":"0", "process_pending_decryption":"0", "process_success":"56", "total":"56"}}
{"logTime": "0326/070255", "correlationVector":"TrkGsOTP67Rb90ZJeXUfXx.3","action":"ProcessGetUpdates", "result":"Done", "context":{"dataType":"Passwords", "deleted":"0", "process_failed_to_decrypt":"0", "process_pending_decryption":"0", "process_success":"18", "total":"18"}}
{"logTime": "0326/070255", "correlationVector":"TrkGsOTP67Rb90ZJeXUfXx.4","action":"ProcessGetUpdates", "result":"Done", "context":{"dataType":"Device Info", "deleted":"0", "process_failed_to_decrypt":"0", "process_pending_decryption":"0", "process_success":"4", "total":"4"}}
{"logTime": "0326/070255", "correlationVector":"TrkGsOTP67Rb90ZJeXUfXx.5","action":"GetUpdates Response", "result":"Success", "context":Received 78 update(s). cV=TrkGsOTP67Rb90ZJeXUfXx.0;server=akswtt103000008;cloudType=Consumer;environment=Prod_southindia_prod-s01-004-apac-southindia;migrationStage=NotStarted}
{"logTime": "0326/070255", "correlationVector":"TCeyZcU2zkJkeTZcd9Skmo","action":"Initial GetUpdates", "result":"", "context":Reason: NEWLY_SUPPORTED_DATATYPE. cV=TCeyZcU2zkJkeTZcd9Skmo}
{"logTime": "0326/070255", "correlationVector":"TCeyZcU2zkJkeTZcd9Skmo.1","action":"SyncServerConnectionManagerRequest", "result":"SYNC_SERVER_OK", "context":{"environment":"Prod_southindia_prod-s01-004-apac-southindia", "migrationStage":"NotStarted", "server":"akswtt103000014"}}
{"logTime": "0326/070255", "correlationVector":"TCeyZcU2zkJkeTZcd9Skmo.2","action":"ProcessGetUpdates", "result":"Done", "context":{"dataType":"Bookmarks", "deleted":"0", "process_failed_to_decrypt":"0", "process_pending_decryption":"0", "process_success":"9", "total":"9"}}
{"logTime": "0326/070255", "correlationVector":"TCeyZcU2zkJkeTZcd9Skmo.3","action":"GetUpdates Response", "result":"Success", "context":Received 9 update(s). cV=TCeyZcU2zkJkeTZcd9Skmo.0;server=akswtt103000014;cloudType=Consumer;environment=Prod_southindia_prod-s01-004-apac-southindia;migrationStage=NotStarted}
{"logTime": "0326/070255", "correlationVector":"Q782Wym4h53EA/xz9RnULV","action":"Initial GetUpdates", "result":"", "context":Reason: NEWLY_SUPPORTED_DATATYPE. cV=Q782Wym4h53EA/xz9RnULV}
{"logTime": "0326/070258", "correlationVector":"Q782Wym4h53EA/xz9RnULV.1","action":"SyncServerConnectionManagerRequest", "result":"SYNC_SERVER_OK", "context":{"environment":"Prod_southindia_prod-s01-004-apac-southindia", "migrationStage":"NotStarted", "server":"akswtt10300000d"}}
{"logTime": "0326/070258", "correlationVector":"Q782Wym4h53EA/xz9RnULV.2","action":"ProcessGetUpdates", "result":"Done", "context":{"dataType":"Autofill", "deleted":"0", "process_failed_to_decrypt":"0", "process_pending_decryption":"0", "process_success":"27", "total":"27"}}
{"logTime": "0326/070258", "correlationVector":"Q782Wym4h53EA/xz9RnULV.3","action":"ProcessGetUpdates", "result":"Done", "context":{"dataType":"Sessions", "deleted":"223", "process_failed_to_decrypt":"0", "process_pending_decryption":"0", "process_success":"223", "total":"223"}}
{"logTime": "0326/070258", "correlationVector":"Q782Wym4h53EA/xz9RnULV.4","action":"GetUpdates Response", "result":"Success", "context":Received 250 update(s). cV=Q782Wym4h53EA/xz9RnULV.0;server=akswtt10300000d;cloudType=Consumer;environment=Prod_southindia_prod-s01-004-apac-southindia;migrationStage=NotStarted Some updates remain.}
{"logTime": "0326/070258", "correlationVector":"FV7NGvqwwndewue748hxtW","action":"Initial GetUpdates", "result":"", "context":Reason: NEWLY_SUPPORTED_DATATYPE. cV=FV7NGvqwwndewue748hxtW}
{"logTime": "0326/070300", "correlationVector":"FV7NGvqwwndewue748hxtW.1","action":"SyncServerConnectionManagerRequest", "result":"SYNC_SERVER_OK", "context":{"environment":"Prod_southindia_prod-s01-004-apac-southindia", "migrationStage":"NotStarted", "server":"akswtt10300000a"}}
{"logTime": "0326/070300", "correlationVector":"FV7NGvqwwndewue748hxtW.2","action":"ProcessGetUpdates", "result":"Done", "context":{"dataType":"Autofill Profiles", "deleted":"0", "process_failed_to_decrypt":"0", "process_pending_decryption":"0", "process_success":"1", "total":"1"}}
{"logTime": "0326/070300", "correlationVector":"FV7NGvqwwndewue748hxtW.3","action":"ProcessGetUpdates", "result":"Done", "context":{"dataType":"Autofill", "deleted":"0", "process_failed_to_decrypt":"0", "process_pending_decryption":"0", "process_success":"33", "total":"33"}}
{"logTime": "0326/070300", "correlationVector":"FV7NGvqwwndewue748hxtW.4","action":"ProcessGetUpdates", "result":"Done", "context":{"dataType":"Sessions", "deleted":"212", "process_failed_to_decrypt":"0", "process_pending_decryption":"0", "process_success":"212", "total":"212"}}
{"logTime": "0326/070300", "correlationVector":"FV7NGvqwwndewue748hxtW.5","action":"ProcessGetUpdates", "result":"Done", "context":{"dataType":"Edge Hub App Usage", "deleted":"0", "process_failed_to_decrypt":"0", "process_pending_decryption":"0", "process_success":"4", "total":"4"}}
{"logTime": "0326/070300", "correlationVector":"FV7NGvqwwndewue748hxtW.6","action":"GetUpdates Response", "result":"Success", "context":Received 250 update(s). cV=FV7NGvqwwndewue748hxtW.0;server=akswtt10300000a;cloudType=Consumer;environment=Prod_southindia_prod-s01-004-apac-southindia;migrationStage=NotStarted Some updates remain.}
{"logTime": "0326/070300", "correlationVector":"n63gXyuCNRae5LIiOJEZXS","action":"Initial GetUpdates", "result":"", "context":Reason: NEWLY_SUPPORTED_DATATYPE. cV=n63gXyuCNRae5LIiOJEZXS}
{"logTime": "0326/070301", "correlationVector":"n63gXyuCNRae5LIiOJEZXS.1","action":"SyncServerConnectionManagerRequest", "result":"SYNC_SERVER_OK", "context":{"environment":"Prod_southindia_prod-s01-004-apac-southindia", "migrationStage":"NotStarted", "server":"akswtt10300001f"}}
{"logTime": "0326/070301", "correlationVector":"n63gXyuCNRae5LIiOJEZXS.2","action":"ProcessGetUpdates", "result":"Done", "context":{"dataType":"Autofill", "deleted":"0", "process_failed_to_decrypt":"0", "process_pending_decryption":"0", "process_success":"40", "total":"40"}}
{"logTime": "0326/070301", "correlationVector":"n63gXyuCNRae5LIiOJEZXS.3","action":"ProcessGetUpdates", "result":"Done", "context":{"dataType":"Sessions", "deleted":"207", "process_failed_to_decrypt":"0", "process_pending_decryption":"0", "process_success":"207", "total":"207"}}
{"logTime": "0326/070301", "correlationVector":"n63gXyuCNRae5LIiOJEZXS.4","action":"ProcessGetUpdates", "result":"Done", "context":{"dataType":"Saved Tab Group", "deleted":"3", "process_failed_to_decrypt":"0", "process_pending_decryption":"0", "process_success":"3", "total":"3"}}
{"logTime": "0326/070301", "correlationVector":"n63gXyuCNRae5LIiOJEZXS.5","action":"GetUpdates Response", "result":"Success", "context":Received 250 update(s). cV=n63gXyuCNRae5LIiOJEZXS.0;server=akswtt10300001f;cloudType=Consumer;environment=Prod_southindia_prod-s01-004-apac-southindia;migrationStage=NotStarted Some updates remain.}
{"logTime": "0326/070301", "correlationVector":"CF+KnCSMMQXO6pj9mU+9zE","action":"Initial GetUpdates", "result":"", "context":Reason: NEWLY_SUPPORTED_DATATYPE. cV=CF+KnCSMMQXO6pj9mU+9zE}
{"logTime": "0326/070303", "correlationVector":"CF+KnCSMMQXO6pj9mU+9zE.1","action":"SyncServerConnectionManagerRequest", "result":"SYNC_SERVER_OK", "context":{"environment":"Prod_southindia_prod-s01-004-apac-southindia", "migrationStage":"NotStarted", "server":"akswtt103000005"}}
{"logTime": "0326/070303", "correlationVector":"CF+KnCSMMQXO6pj9mU+9zE.2","action":"ProcessGetUpdates", "result":"Done", "context":{"dataType":"Autofill Profiles", "deleted":"0", "process_failed_to_decrypt":"0", "process_pending_decryption":"0", "process_success":"1", "total":"1"}}
{"logTime": "0326/070303", "correlationVector":"CF+KnCSMMQXO6pj9mU+9zE.3","action":"ProcessGetUpdates", "result":"Done", "context":{"dataType":"Autofill", "deleted":"0", "process_failed_to_decrypt":"0", "process_pending_decryption":"0", "process_success":"22", "total":"22"}}
{"logTime": "0326/070303", "correlationVector":"CF+KnCSMMQXO6pj9mU+9zE.4","action":"ProcessGetUpdates", "result":"Done", "context":{"dataType":"Sessions", "deleted":"224", "process_failed_to_decrypt":"0", "process_pending_decryption":"0", "process_success":"224", "total":"224"}}
{"logTime": "0326/070303", "correlationVector":"CF+KnCSMMQXO6pj9mU+9zE.5","action":"ProcessGetUpdates", "result":"Done", "context":{"dataType":"Edge Hub App Usage", "deleted":"0", "process_failed_to_decrypt":"0", "process_pending_decryption":"0", "process_success":"3", "total":"3"}}
{"logTime": "0326/070303", "correlationVector":"CF+KnCSMMQXO6pj9mU+9zE.6","action":"GetUpdates Response", "result":"Success", "context":Received 250 update(s). cV=CF+KnCSMMQXO6pj9mU+9zE.0;server=akswtt103000005;cloudType=Consumer;environment=Prod_southindia_prod-s01-004-apac-southindia;migrationStage=NotStarted Some updates remain.}
{"logTime": "0326/070303", "correlationVector":"sgegUugYsPC0npLuZjtaXl","action":"Initial GetUpdates", "result":"", "context":Reason: NEWLY_SUPPORTED_DATATYPE. cV=sgegUugYsPC0npLuZjtaXl}
{"logTime": "0326/070304", "correlationVector":"sgegUugYsPC0npLuZjtaXl.1","action":"SyncServerConnectionManagerRequest", "result":"SYNC_SERVER_OK", "context":{"environment":"Prod_southindia_prod-s01-004-apac-southindia", "migrationStage":"NotStarted", "server":"akswtt10300001g"}}
{"logTime": "0326/070304", "correlationVector":"sgegUugYsPC0npLuZjtaXl.2","action":"ProcessGetUpdates", "result":"Done", "context":{"dataType":"Autofill Profiles", "deleted":"0", "process_failed_to_decrypt":"0", "process_pending_decryption":"0", "process_success":"2", "total":"2"}}
{"logTime": "0326/070304", "correlationVector":"sgegUugYsPC0npLuZjtaXl.3","action":"ProcessGetUpdates", "result":"Done", "context":{"dataType":"Autofill", "deleted":"0", "process_failed_to_decrypt":"0", "process_pending_decryption":"0", "process_success":"20", "total":"20"}}
{"logTime": "0326/070304", "correlationVector":"sgegUugYsPC0npLuZjtaXl.4","action":"ProcessGetUpdates", "result":"Done", "context":{"dataType":"Sessions", "deleted":"171", "process_failed_to_decrypt":"0", "process_pending_decryption":"0", "process_success":"177", "total":"177"}}
{"logTime": "0326/070304", "correlationVector":"sgegUugYsPC0npLuZjtaXl.5","action":"GetUpdates Response", "result":"Success", "context":Received 199 update(s). cV=sgegUugYsPC0npLuZjtaXl.0;server=akswtt10300001g;cloudType=Consumer;environment=Prod_southindia_prod-s01-004-apac-southindia;migrationStage=NotStarted}
{"logTime": "0326/070304", "correlationVector":"PiMwPQXTlL6biEXa7ZNAIB","action":"Initial GetUpdates", "result":"", "context":Reason: NEWLY_SUPPORTED_DATATYPE. cV=PiMwPQXTlL6biEXa7ZNAIB}
{"logTime": "0326/070307", "correlationVector":"PiMwPQXTlL6biEXa7ZNAIB.1","action":"SyncServerConnectionManagerRequest", "result":"SYNC_SERVER_OK", "context":{"environment":"Prod_southindia_prod-s01-004-apac-southindia", "migrationStage":"NotStarted", "server":"akswtt10300000i"}}
{"logTime": "0326/070307", "correlationVector":"PiMwPQXTlL6biEXa7ZNAIB.2","action":"ProcessGetUpdates", "result":"Done", "context":{"dataType":"History", "deleted":"0", "process_failed_to_decrypt":"0", "process_pending_decryption":"0", "process_success":"250", "total":"250"}}
{"logTime": "0326/070307", "correlationVector":"PiMwPQXTlL6biEXa7ZNAIB.3","action":"GetUpdates Response", "result":"Success", "context":Received 250 update(s). cV=PiMwPQXTlL6biEXa7ZNAIB.0;server=akswtt10300000i;cloudType=Consumer;environment=Prod_southindia_prod-s01-004-apac-southindia;migrationStage=NotStarted Some updates remain.}
{"logTime": "0326/070307", "correlationVector":"vjcq3BEldkE8q9QwaBhqSF","action":"Initial GetUpdates", "result":"", "context":Reason: NEWLY_SUPPORTED_DATATYPE. cV=vjcq3BEldkE8q9QwaBhqSF}
{"logTime": "0326/070308", "correlationVector":"vjcq3BEldkE8q9QwaBhqSF.1","action":"SyncServerConnectionManagerRequest", "result":"SYNC_SERVER_OK", "context":{"environment":"Prod_southindia_prod-s01-004-apac-southindia", "migrationStage":"NotStarted", "server":"akswtt10300001j"}}
{"logTime": "0326/070308", "correlationVector":"vjcq3BEldkE8q9QwaBhqSF.2","action":"ProcessGetUpdates", "result":"Done", "context":{"dataType":"History", "deleted":"0", "process_failed_to_decrypt":"0", "process_pending_decryption":"0", "process_success":"250", "total":"250"}}
{"logTime": "0326/070308", "correlationVector":"vjcq3BEldkE8q9QwaBhqSF.3","action":"GetUpdates Response", "result":"Success", "context":Received 250 update(s). cV=vjcq3BEldkE8q9QwaBhqSF.0;server=akswtt10300001j;cloudType=Consumer;environment=Prod_southindia_prod-s01-004-apac-southindia;migrationStage=NotStarted Some updates remain.}
{"logTime": "0326/070308", "correlationVector":"31pKWALqhqu59a08POwOPa","action":"Initial GetUpdates", "result":"", "context":Reason: NEWLY_SUPPORTED_DATATYPE. cV=31pKWALqhqu59a08POwOPa}
{"logTime": "0326/070310", "correlationVector":"31pKWALqhqu59a08POwOPa.1","action":"SyncServerConnectionManagerRequest", "result":"SYNC_SERVER_OK", "context":{"environment":"Prod_southindia_prod-s01-004-apac-southindia", "migrationStage":"NotStarted", "server":"akswtt10300000u"}}
{"logTime": "0326/070310", "correlationVector":"31pKWALqhqu59a08POwOPa.2","action":"ProcessGetUpdates", "result":"Done", "context":{"dataType":"History", "deleted":"0", "process_failed_to_decrypt":"0", "process_pending_decryption":"0", "process_success":"250", "total":"250"}}
{"logTime": "0326/070310", "correlationVector":"31pKWALqhqu59a08POwOPa.3","action":"GetUpdates Response", "result":"Success", "context":Received 250 update(s). cV=31pKWALqhqu59a08POwOPa.0;server=akswtt10300000u;cloudType=Consumer;environment=Prod_southindia_prod-s01-004-apac-southindia;migrationStage=NotStarted Some updates remain.}
{"logTime": "0326/070310", "correlationVector":"ZIuIc3JnlIDmAwV+vfsGD5","action":"Initial GetUpdates", "result":"", "context":Reason: NEWLY_SUPPORTED_DATATYPE. cV=ZIuIc3JnlIDmAwV+vfsGD5}
{"logTime": "0326/070311", "correlationVector":"ZIuIc3JnlIDmAwV+vfsGD5.1","action":"SyncServerConnectionManagerRequest", "result":"SYNC_SERVER_OK", "context":{"environment":"Prod_southindia_prod-s01-004-apac-southindia", "migrationStage":"NotStarted", "server":"akswtt10300000a"}}
{"logTime": "0326/070311", "correlationVector":"ZIuIc3JnlIDmAwV+vfsGD5.2","action":"ProcessGetUpdates", "result":"Done", "context":{"dataType":"History", "deleted":"0", "process_failed_to_decrypt":"0", "process_pending_decryption":"0", "process_success":"250", "total":"250"}}
{"logTime": "0326/070311", "correlationVector":"ZIuIc3JnlIDmAwV+vfsGD5.3","action":"GetUpdates Response", "result":"Success", "context":Received 250 update(s). cV=ZIuIc3JnlIDmAwV+vfsGD5.0;server=akswtt10300000a;cloudType=Consumer;environment=Prod_southindia_prod-s01-004-apac-southindia;migrationStage=NotStarted Some updates remain.}
{"logTime": "0326/070311", "correlationVector":"ETYj72mLWS+yu9vh3ukNkp","action":"Initial GetUpdates", "result":"", "context":Reason: NEWLY_SUPPORTED_DATATYPE. cV=ETYj72mLWS+yu9vh3ukNkp}
{"logTime": "0326/070314", "correlationVector":"ETYj72mLWS+yu9vh3ukNkp.1","action":"SyncServerConnectionManagerRequest", "result":"SYNC_SERVER_OK", "context":{"environment":"Prod_southindia_prod-s01-004-apac-southindia", "migrationStage":"NotStarted", "server":"akswtt103000003"}}
{"logTime": "0326/070314", "correlationVector":"ETYj72mLWS+yu9vh3ukNkp.2","action":"ProcessGetUpdates", "result":"Done", "context":{"dataType":"History", "deleted":"0", "process_failed_to_decrypt":"0", "process_pending_decryption":"0", "process_success":"250", "total":"250"}}
{"logTime": "0326/070314", "correlationVector":"ETYj72mLWS+yu9vh3ukNkp.3","action":"GetUpdates Response", "result":"Success", "context":Received 250 update(s). cV=ETYj72mLWS+yu9vh3ukNkp.0;server=akswtt103000003;cloudType=Consumer;environment=Prod_southindia_prod-s01-004-apac-southindia;migrationStage=NotStarted Some updates remain.}
{"logTime": "0326/070314", "correlationVector":"ZXUmgAMC4/+HdDzaMoNX35","action":"Initial GetUpdates", "result":"", "context":Reason: NEWLY_SUPPORTED_DATATYPE. cV=ZXUmgAMC4/+HdDzaMoNX35}
{"logTime": "0326/070317", "correlationVector":"ZXUmgAMC4/+HdDzaMoNX35.1","action":"SyncServerConnectionManagerRequest", "result":"SYNC_SERVER_OK", "context":{"environment":"Prod_southindia_prod-s01-004-apac-southindia", "migrationStage":"NotStarted", "server":"akswtt103000008"}}
{"logTime": "0326/070317", "correlationVector":"ZXUmgAMC4/+HdDzaMoNX35.2","action":"ProcessGetUpdates", "result":"Done", "context":{"dataType":"History", "deleted":"0", "process_failed_to_decrypt":"0", "process_pending_decryption":"0", "process_success":"250", "total":"250"}}
{"logTime": "0326/070317", "correlationVector":"ZXUmgAMC4/+HdDzaMoNX35.3","action":"GetUpdates Response", "result":"Success", "context":Received 250 update(s). cV=ZXUmgAMC4/+HdDzaMoNX35.0;server=akswtt103000008;cloudType=Consumer;environment=Prod_southindia_prod-s01-004-apac-southindia;migrationStage=NotStarted Some updates remain.}
{"logTime": "0326/070317", "correlationVector":"rNKuP4AlwCaxxkIs0GL4+D","action":"Initial GetUpdates", "result":"", "context":Reason: NEWLY_SUPPORTED_DATATYPE. cV=rNKuP4AlwCaxxkIs0GL4+D}
{"logTime": "0326/070318", "correlationVector":"rNKuP4AlwCaxxkIs0GL4+D.1","action":"SyncServerConnectionManagerRequest", "result":"SYNC_SERVER_OK", "context":{"environment":"Prod_southindia_prod-s01-004-apac-southindia", "migrationStage":"NotStarted", "server":"akswtt10300000k"}}
{"logTime": "0326/070318", "correlationVector":"rNKuP4AlwCaxxkIs0GL4+D.2","action":"ProcessGetUpdates", "result":"Done", "context":{"dataType":"History", "deleted":"0", "process_failed_to_decrypt":"0", "process_pending_decryption":"0", "process_success":"250", "total":"250"}}
{"logTime": "0326/070318", "correlationVector":"rNKuP4AlwCaxxkIs0GL4+D.3","action":"GetUpdates Response", "result":"Success", "context":Received 250 update(s). cV=rNKuP4AlwCaxxkIs0GL4+D.0;server=akswtt10300000k;cloudType=Consumer;environment=Prod_southindia_prod-s01-004-apac-southindia;migrationStage=NotStarted Some updates remain.}
{"logTime": "0326/070318", "correlationVector":"DKgTh+OMpSLcOPnFs+lFH/","action":"Initial GetUpdates", "result":"", "context":Reason: NEWLY_SUPPORTED_DATATYPE. cV=DKgTh+OMpSLcOPnFs+lFH/}
{"logTime": "0326/070322", "correlationVector":"DKgTh+OMpSLcOPnFs+lFH/.1","action":"SyncServerConnectionManagerRequest", "result":"SYNC_SERVER_OK", "context":{"environment":"Prod_southindia_prod-s01-004-apac-southindia", "migrationStage":"NotStarted", "server":"akswtt103000008"}}
{"logTime": "0326/070322", "correlationVector":"DKgTh+OMpSLcOPnFs+lFH/.2","action":"ProcessGetUpdates", "result":"Done", "context":{"dataType":"History", "deleted":"0", "process_failed_to_decrypt":"0", "process_pending_decryption":"0", "process_success":"250", "total":"250"}}
{"logTime": "0326/070322", "correlationVector":"DKgTh+OMpSLcOPnFs+lFH/.3","action":"GetUpdates Response", "result":"Success", "context":Received 250 update(s). cV=DKgTh+OMpSLcOPnFs+lFH/.0;server=akswtt103000008;cloudType=Consumer;environment=Prod_southindia_prod-s01-004-apac-southindia;migrationStage=NotStarted Some updates remain.}
{"logTime": "0326/070322", "correlationVector":"2Tvh35wCYywlbsizsBLKNk","action":"Initial GetUpdates", "result":"", "context":Reason: NEWLY_SUPPORTED_DATATYPE. cV=2Tvh35wCYywlbsizsBLKNk}
{"logTime": "0326/070323", "correlationVector":"2Tvh35wCYywlbsizsBLKNk.1","action":"SyncServerConnectionManagerRequest", "result":"SYNC_SERVER_OK", "context":{"environment":"Prod_southindia_prod-s01-004-apac-southindia", "migrationStage":"NotStarted", "server":"akswtt103000017"}}
{"logTime": "0326/070323", "correlationVector":"2Tvh35wCYywlbsizsBLKNk.2","action":"ProcessGetUpdates", "result":"Done", "context":{"dataType":"History", "deleted":"0", "process_failed_to_decrypt":"0", "process_pending_decryption":"0", "process_success":"250", "total":"250"}}
{"logTime": "0326/070323", "correlationVector":"2Tvh35wCYywlbsizsBLKNk.3","action":"GetUpdates Response", "result":"Success", "context":Received 250 update(s). cV=2Tvh35wCYywlbsizsBLKNk.0;server=akswtt103000017;cloudType=Consumer;environment=Prod_southindia_prod-s01-004-apac-southindia;migrationStage=NotStarted Some updates remain.}
{"logTime": "0326/070323", "correlationVector":"4Z9FzuLtYsx8chgJdcxt6Q","action":"Initial GetUpdates", "result":"", "context":Reason: NEWLY_SUPPORTED_DATATYPE. cV=4Z9FzuLtYsx8chgJdcxt6Q}
{"logTime": "0326/070326", "correlationVector":"4Z9FzuLtYsx8chgJdcxt6Q.1","action":"SyncServerConnectionManagerRequest", "result":"SYNC_SERVER_OK", "context":{"environment":"Prod_southindia_prod-s01-004-apac-southindia", "migrationStage":"NotStarted", "server":"akswtt103000017"}}
{"logTime": "0326/070326", "correlationVector":"4Z9FzuLtYsx8chgJdcxt6Q.2","action":"ProcessGetUpdates", "result":"Done", "context":{"dataType":"History", "deleted":"0", "process_failed_to_decrypt":"0", "process_pending_decryption":"0", "process_success":"250", "total":"250"}}
{"logTime": "0326/070326", "correlationVector":"4Z9FzuLtYsx8chgJdcxt6Q.3","action":"GetUpdates Response", "result":"Success", "context":Received 250 update(s). cV=4Z9FzuLtYsx8chgJdcxt6Q.0;server=akswtt103000017;cloudType=Consumer;environment=Prod_southindia_prod-s01-004-apac-southindia;migrationStage=NotStarted Some updates remain.}
{"logTime": "0326/070326", "correlationVector":"S4SRW2fg1kMMoKxDacNE6x","action":"Initial GetUpdates", "result":"", "context":Reason: NEWLY_SUPPORTED_DATATYPE. cV=S4SRW2fg1kMMoKxDacNE6x}
{"logTime": "0326/070327", "correlationVector":"S4SRW2fg1kMMoKxDacNE6x.1","action":"SyncServerConnectionManagerRequest", "result":"SYNC_SERVER_OK", "context":{"environment":"Prod_southindia_prod-s01-004-apac-southindia", "migrationStage":"NotStarted", "server":"akswtt10300000a"}}
{"logTime": "0326/070327", "correlationVector":"S4SRW2fg1kMMoKxDacNE6x.2","action":"ProcessGetUpdates", "result":"Done", "context":{"dataType":"History", "deleted":"0", "process_failed_to_decrypt":"0", "process_pending_decryption":"0", "process_success":"250", "total":"250"}}
{"logTime": "0326/070327", "correlationVector":"S4SRW2fg1kMMoKxDacNE6x.3","action":"GetUpdates Response", "result":"Success", "context":Received 250 update(s). cV=S4SRW2fg1kMMoKxDacNE6x.0;server=akswtt10300000a;cloudType=Consumer;environment=Prod_southindia_prod-s01-004-apac-southindia;migrationStage=NotStarted Some updates remain.}
{"logTime": "0326/070327", "correlationVector":"fOR631bg4gz2SV1nZJCQGN","action":"Initial GetUpdates", "result":"", "context":Reason: NEWLY_SUPPORTED_DATATYPE. cV=fOR631bg4gz2SV1nZJCQGN}
{"logTime": "0326/070330", "correlationVector":"fOR631bg4gz2SV1nZJCQGN.1","action":"SyncServerConnectionManagerRequest", "result":"SYNC_SERVER_OK", "context":{"environment":"Prod_southindia_prod-s01-004-apac-southindia", "migrationStage":"NotStarted", "server":"akswtt103000005"}}
{"logTime": "0326/070330", "correlationVector":"fOR631bg4gz2SV1nZJCQGN.2","action":"ProcessGetUpdates", "result":"Done", "context":{"dataType":"History", "deleted":"0", "process_failed_to_decrypt":"0", "process_pending_decryption":"0", "process_success":"250", "total":"250"}}
{"logTime": "0326/070330", "correlationVector":"fOR631bg4gz2SV1nZJCQGN.3","action":"GetUpdates Response", "result":"Success", "context":Received 250 update(s). cV=fOR631bg4gz2SV1nZJCQGN.0;server=akswtt103000005;cloudType=Consumer;environment=Prod_southindia_prod-s01-004-apac-southindia;migrationStage=NotStarted Some updates remain.}
{"logTime": "0326/070330", "correlationVector":"yxL6LPbwYChXXyQQEXQbGm","action":"Initial GetUpdates", "result":"", "context":Reason: NEWLY_SUPPORTED_DATATYPE. cV=yxL6LPbwYChXXyQQEXQbGm}
{"logTime": "0326/070332", "correlationVector":"yxL6LPbwYChXXyQQEXQbGm.1","action":"SyncServerConnectionManagerRequest", "result":"SYNC_SERVER_OK", "context":{"environment":"Prod_southindia_prod-s01-004-apac-southindia", "migrationStage":"NotStarted", "server":"akswtt10300001d"}}
{"logTime": "0326/070332", "correlationVector":"yxL6LPbwYChXXyQQEXQbGm.2","action":"ProcessGetUpdates", "result":"Done", "context":{"dataType":"History", "deleted":"0", "process_failed_to_decrypt":"0", "process_pending_decryption":"0", "process_success":"250", "total":"250"}}
{"logTime": "0326/070332", "correlationVector":"yxL6LPbwYChXXyQQEXQbGm.3","action":"GetUpdates Response", "result":"Success", "context":Received 250 update(s). cV=yxL6LPbwYChXXyQQEXQbGm.0;server=akswtt10300001d;cloudType=Consumer;environment=Prod_southindia_prod-s01-004-apac-southindia;migrationStage=NotStarted Some updates remain.}
{"logTime": "0326/070332", "correlationVector":"U8U+urovnZ3BOsOgzbvQeF","action":"Initial GetUpdates", "result":"", "context":Reason: NEWLY_SUPPORTED_DATATYPE. cV=U8U+urovnZ3BOsOgzbvQeF}
{"logTime": "0326/070333", "correlationVector":"U8U+urovnZ3BOsOgzbvQeF.1","action":"SyncServerConnectionManagerRequest", "result":"SYNC_SERVER_OK", "context":{"environment":"Prod_southindia_prod-s01-004-apac-southindia", "migrationStage":"NotStarted", "server":"akswtt10300000f"}}
{"logTime": "0326/070333", "correlationVector":"U8U+urovnZ3BOsOgzbvQeF.2","action":"ProcessGetUpdates", "result":"Done", "context":{"dataType":"History", "deleted":"0", "process_failed_to_decrypt":"0", "process_pending_decryption":"0", "process_success":"250", "total":"250"}}
{"logTime": "0326/070333", "correlationVector":"U8U+urovnZ3BOsOgzbvQeF.3","action":"GetUpdates Response", "result":"Success", "context":Received 250 update(s). cV=U8U+urovnZ3BOsOgzbvQeF.0;server=akswtt10300000f;cloudType=Consumer;environment=Prod_southindia_prod-s01-004-apac-southindia;migrationStage=NotStarted Some updates remain.}
{"logTime": "0326/070333", "correlationVector":"yaZEvVYpORtnmwP9hpgq+f","action":"Initial GetUpdates", "result":"", "context":Reason: NEWLY_SUPPORTED_DATATYPE. cV=yaZEvVYpORtnmwP9hpgq+f}
{"logTime": "0326/070334", "correlationVector":"yaZEvVYpORtnmwP9hpgq+f.1","action":"SyncServerConnectionManagerRequest", "result":"SYNC_SERVER_OK", "context":{"environment":"Prod_southindia_prod-s01-004-apac-southindia", "migrationStage":"NotStarted", "server":"akswtt10300000x"}}
{"logTime": "0326/070334", "correlationVector":"yaZEvVYpORtnmwP9hpgq+f.2","action":"ProcessGetUpdates", "result":"Done", "context":{"dataType":"History", "deleted":"0", "process_failed_to_decrypt":"0", "process_pending_decryption":"0", "process_success":"250", "total":"250"}}
{"logTime": "0326/070334", "correlationVector":"yaZEvVYpORtnmwP9hpgq+f.3","action":"GetUpdates Response", "result":"Success", "context":Received 250 update(s). cV=yaZEvVYpORtnmwP9hpgq+f.0;server=akswtt10300000x;cloudType=Consumer;environment=Prod_southindia_prod-s01-004-apac-southindia;migrationStage=NotStarted Some updates remain.}
{"logTime": "0326/070334", "correlationVector":"9N9AAsBfhPZui1TDVpi/Bo","action":"Initial GetUpdates", "result":"", "context":Reason: NEWLY_SUPPORTED_DATATYPE. cV=9N9AAsBfhPZui1TDVpi/Bo}
{"logTime": "0326/070335", "correlationVector":"9N9AAsBfhPZui1TDVpi/Bo.1","action":"SyncServerConnectionManagerRequest", "result":"SYNC_SERVER_OK", "context":{"environment":"Prod_southindia_prod-s01-004-apac-southindia", "migrationStage":"NotStarted", "server":"akswtt103000017"}}
{"logTime": "0326/070335", "correlationVector":"9N9AAsBfhPZui1TDVpi/Bo.2","action":"ProcessGetUpdates", "result":"Done", "context":{"dataType":"History", "deleted":"0", "process_failed_to_decrypt":"0", "process_pending_decryption":"0", "process_success":"125", "total":"125"}}
{"logTime": "0326/070335", "correlationVector":"9N9AAsBfhPZui1TDVpi/Bo.3","action":"GetUpdates Response", "result":"Success", "context":Received 125 update(s). cV=9N9AAsBfhPZui1TDVpi/Bo.0;server=akswtt103000017;cloudType=Consumer;environment=Prod_southindia_prod-s01-004-apac-southindia;migrationStage=NotStarted}
{"logTime": "0326/070335", "correlationVector":"h3xWerzLVWrzBLVld7r75b","action":"Normal GetUpdate request", "result":"", "context":cV=h3xWerzLVWrzBLVld7r75b
Nudged types: Sessions, Device Info, User Consents
Refresh requested types: Bookmarks, Preferences, Passwords, Autofill Profiles, Autofill, Extensions, Sessions, Extension settings, History Delete Directives, Device Info, User Consents, Send Tab To Self, Web Apps, History, Saved Tab Group, WebAuthn Credentials, Collection, Edge E Drop, Edge Hub App Usage, Edge Wallet, Edge Workspace, Encryption Keys}
{"logTime": "0326/070336", "correlationVector":"h3xWerzLVWrzBLVld7r75b.1","action":"SyncServerConnectionManagerRequest", "result":"SYNC_SERVER_OK", "context":{"environment":"Prod_southindia_prod-s01-004-apac-southindia", "migrationStage":"NotStarted", "server":"akswtt10300000p"}}
{"logTime": "0326/070336", "correlationVector":"h3xWerzLVWrzBLVld7r75b.2","action":"GetUpdates Response", "result":"Success", "context":Received 0 update(s). cV=h3xWerzLVWrzBLVld7r75b.0;server=akswtt10300000p;cloudType=Consumer;environment=Prod_southindia_prod-s01-004-apac-southindia;migrationStage=NotStarted}
{"logTime": "0326/070336", "correlationVector":"m2u5AIcZMkr/YUYJU7ef1v","action":"DoCompareDataConsistency requsted types: ", "result":"Bookmarks, Preferences, Passwords, Extensions, Extension settings, History Delete Directives, Send Tab To Self, Web Apps, History, Saved Tab Group, WebAuthn Credentials, Collection, Edge E Drop, Edge Wallet, Edge Workspace, Encryption Keys"}
{"logTime": "0326/070336", "correlationVector":"m2u5AIcZMkr/YUYJU7ef1v.0","action":"CompareDataConsistency result: ", "result":"Compare result: Encryption Keys is consistent. local entities count is: 1 local entities hash is: 6HNsmGoEvzgC1JmZnaPb+gU7chA="}
{"logTime": "0326/070336", "correlationVector":"m2u5AIcZMkr/YUYJU7ef1v.1","action":"CompareDataConsistency result: ", "result":"Compare result: Bookmarks is consistent. local entities count is: 3 local entities hash is: ogKu99pH0WwCTQxNTAgmTyRrpM4="}
{"logTime": "0326/070336", "correlationVector":"m2u5AIcZMkr/YUYJU7ef1v.2","action":"CompareDataConsistency result: ", "result":"Compare result: Preferences is consistent. local entities count is: 56 local entities hash is: EhGYCCc40n7U7X177JwgnQFWixs="}
{"logTime": "0326/070336", "correlationVector":"m2u5AIcZMkr/YUYJU7ef1v.3","action":"CompareDataConsistency result: ", "result":"Compare result: Extensions is consistent. local entities count is: 0 local entities hash is: "}
{"logTime": "0326/070336", "correlationVector":"m2u5AIcZMkr/YUYJU7ef1v.4","action":"CompareDataConsistency result: ", "result":"Compare result: Extension settings is consistent. local entities count is: 0 local entities hash is: "}
{"logTime": "0326/070336", "correlationVector":"m2u5AIcZMkr/YUYJU7ef1v.5","action":"CompareDataConsistency result: ", "result":"Compare result: History Delete Directives is consistent. local entities count is: 0 local entities hash is: "}
{"logTime": "0326/070336", "correlationVector":"m2u5AIcZMkr/YUYJU7ef1v.6","action":"CompareDataConsistency result: ", "result":"Server did not send this Send Tab To Self local entities count is: 0 local entities hash is: "}
{"logTime": "0326/070336", "correlationVector":"m2u5AIcZMkr/YUYJU7ef1v.7","action":"CompareDataConsistency result: ", "result":"Compare result: Web Apps is consistent. local entities count is: 0 local entities hash is: "}
{"logTime": "0326/070336", "correlationVector":"m2u5AIcZMkr/YUYJU7ef1v.8","action":"CompareDataConsistency result: ", "result":"Server did not send this History local entities count is: 0 local entities hash is: "}
{"logTime": "0326/070336", "correlationVector":"m2u5AIcZMkr/YUYJU7ef1v.9","action":"CompareDataConsistency result: ", "result":"Compare result: Saved Tab Group is consistent. local entities count is: 0 local entities hash is: "}
{"logTime": "0326/070336", "correlationVector":"m2u5AIcZMkr/YUYJU7ef1v.10","action":"CompareDataConsistency result: ", "result":"Server did not send this WebAuthn Credentials local entities count is: 0 local entities hash is: "}
{"logTime": "0326/070336", "correlationVector":"m2u5AIcZMkr/YUYJU7ef1v.11","action":"CompareDataConsistency result: ", "result":"Compare result: Collection is consistent. local entities count is: 0 local entities hash is: "}
{"logTime": "0326/070336", "correlationVector":"m2u5AIcZMkr/YUYJU7ef1v.12","action":"CompareDataConsistency result: ", "result":"Compare result: Edge E Drop is consistent. local entities count is: 0 local entities hash is: "}
{"logTime": "0326/070336", "correlationVector":"m2u5AIcZMkr/YUYJU7ef1v.13","action":"CompareDataConsistency result: ", "result":"Compare result: Edge Wallet is consistent. local entities count is: 0 local entities hash is: "}
{"logTime": "0326/070336", "correlationVector":"m2u5AIcZMkr/YUYJU7ef1v.14","action":"CompareDataConsistency result: ", "result":"Server did not send this Edge Workspace local entities count is: 0 local entities hash is: "}
{"logTime": "0326/070336", "correlationVector":"m2u5AIcZMkr/YUYJU7ef1v.15","action":"CompareDataConsistency result: ", "result":"Compare result: Passwords is consistent. local entities count is: 18 local entities hash is: VhP+RaNDrgWKXxA+NzF7e8SzouI="}
{"logTime": "0326/070336", "correlationVector":"qUEw2aUILO8gXQcddYYcTi","action":"Commit Request", "result":"", "context":Item count: 5
Contributing types: Sessions, Device Info, User Consents}
{"logTime": "0326/070338", "correlationVector":"qUEw2aUILO8gXQcddYYcTi.1","action":"SyncServerConnectionManagerRequest", "result":"SYNC_SERVER_OK", "context":{"environment":"Prod_southindia_prod-s01-004-apac-southindia", "migrationStage":"NotStarted", "server":"akswtt10300000r"}}
{"logTime": "0326/070338", "correlationVector":"qUEw2aUILO8gXQcddYYcTi.2","action":"Commit Response", "result":"Success", "context":Result: Success. cV=qUEw2aUILO8gXQcddYYcTi.0;server=akswtt10300000r;cloudType=Consumer;environment=Prod_southindia_prod-s01-004-apac-southindia;migrationStage=NotStarted}
{"logTime": "0326/070338", "correlationVector":"","action":"DIAGNOSTIC_REQUEST|v1/diagnosticData/Diagnostic.SendCheckResult()|SUCCESS", "result":""}
{"logTime": "0326/070349", "correlationVector":"jkHDQO5hwEcBTSvfaShXIf","action":"Commit Request", "result":"", "context":Item count: 18
Contributing types: Passwords}
{"logTime": "0326/070352", "correlationVector":"jkHDQO5hwEcBTSvfaShXIf.1","action":"SyncServerConnectionManagerRequest", "result":"SYNC_SERVER_OK", "context":{"environment":"Prod_southindia_prod-s01-004-apac-southindia", "migrationStage":"NotStarted", "server":"akswtt10300000v"}}
{"logTime": "0326/070352", "correlationVector":"jkHDQO5hwEcBTSvfaShXIf.2","action":"Commit Response", "result":"Success", "context":Result: Success. cV=jkHDQO5hwEcBTSvfaShXIf.0;server=akswtt10300000v;cloudType=Consumer;environment=Prod_southindia_prod-s01-004-apac-southindia;migrationStage=NotStarted}
{"logTime": "0326/071438", "correlationVector":"21AqAc1yR4iRmt3hOVg/MS","action":"Commit Request", "result":"", "context":Item count: 1
Contributing types: Sessions}
{"logTime": "0326/071439", "correlationVector":"21AqAc1yR4iRmt3hOVg/MS.1","action":"SyncServerConnectionManagerRequest", "result":"SYNC_SERVER_OK", "context":{"environment":"Prod_southindia_prod-s01-004-apac-southindia", "migrationStage":"NotStarted", "server":"akswtt103000009"}}
{"logTime": "0326/071439", "correlationVector":"21AqAc1yR4iRmt3hOVg/MS.2","action":"Commit Response", "result":"Success", "context":Result: Success. cV=21AqAc1yR4iRmt3hOVg/MS.0;server=akswtt103000009;cloudType=Consumer;environment=Prod_southindia_prod-s01-004-apac-southindia;migrationStage=NotStarted}
{"logTime": "0326/073452", "correlationVector":"9JJ6ZLtpJuH35jXvXRhG5k","action":"Commit Request", "result":"", "context":Item count: 3
Contributing types: Sessions, History}
{"logTime": "0326/073453", "correlationVector":"9JJ6ZLtpJuH35jXvXRhG5k.1","action":"SyncServerConnectionManagerRequest", "result":"SYNC_SERVER_OK", "context":{"environment":"Prod_southindia_prod-s01-004-apac-southindia", "migrationStage":"NotStarted", "server":"akswtt10300001h"}}
{"logTime": "0326/073453", "correlationVector":"9JJ6ZLtpJuH35jXvXRhG5k.2","action":"Commit Response", "result":"Success", "context":Result: Success. cV=9JJ6ZLtpJuH35jXvXRhG5k.0;server=akswtt10300001h;cloudType=Consumer;environment=Prod_southindia_prod-s01-004-apac-southindia;migrationStage=NotStarted}
{"logTime": "0326/074148", "correlationVector":"+Ig2d021vsQSb4EkC4D3Cu","action":"Normal GetUpdate request", "result":"", "context":cV=+Ig2d021vsQSb4EkC4D3Cu
Notified types: History}
{"logTime": "0326/074149", "correlationVector":"+Ig2d021vsQSb4EkC4D3Cu.1","action":"SyncServerConnectionManagerRequest", "result":"SYNC_SERVER_OK", "context":{"environment":"Prod_southeastasia_prod-s01-064-apac-southeastasia", "migrationStage":"NotStarted", "server":"akswtt112000009"}}
{"logTime": "0326/074149", "correlationVector":"+Ig2d021vsQSb4EkC4D3Cu.2","action":"ProcessGetUpdates", "result":"Done", "context":{"dataType":"Passwords", "deleted":"0", "process_failed_to_decrypt":"0", "process_pending_decryption":"0", "process_success":"18", "total":"18"}}
{"logTime": "0326/074149", "correlationVector":"+Ig2d021vsQSb4EkC4D3Cu.3","action":"ProcessGetUpdates", "result":"Done", "context":{"dataType":"Sessions", "deleted":"0", "process_failed_to_decrypt":"0", "process_pending_decryption":"0", "process_success":"5", "total":"5"}}
{"logTime": "0326/074149", "correlationVector":"+Ig2d021vsQSb4EkC4D3Cu.4","action":"ProcessGetUpdates", "result":"Done", "context":{"dataType":"Device Info", "deleted":"0", "process_failed_to_decrypt":"0", "process_pending_decryption":"0", "process_success":"1", "total":"1"}}
{"logTime": "0326/074149", "correlationVector":"+Ig2d021vsQSb4EkC4D3Cu.5","action":"ProcessGetUpdates", "result":"Done", "context":{"dataType":"History", "deleted":"0", "process_failed_to_decrypt":"0", "process_pending_decryption":"0", "process_success":"4", "total":"4"}}
{"logTime": "0326/074149", "correlationVector":"+Ig2d021vsQSb4EkC4D3Cu.6","action":"GetUpdates Response", "result":"Success", "context":Received 28 update(s). cV=+Ig2d021vsQSb4EkC4D3Cu.0;server=akswtt112000009;cloudType=Consumer;environment=Prod_southeastasia_prod-s01-064-apac-southeastasia;migrationStage=NotStarted}
